# JRE version: OpenJDK Runtime Environment Temurin-21.0.10+7 (21.0.10+7) (build 21.0.10+7-LTS)
# Java VM: OpenJDK 64-Bit Server VM Temurin-21.0.10+7 (21.0.10+7-LTS, mixed mode, sharing, tiered, compressed oops, compressed class ptrs, parallel gc, windows-amd64)
GC Precious Log:
 CardTable entry size: 512
 CPUs: 4 total, 4 available
 Memory: 8067M
 Large Page Support: Disabled
 NUMA Support: Disabled
 Compressed Oops: Enabled (32-bit)
 Alignments: Space 512K, Generation 512K, Heap 2M
 Heap Min Capacity: 100M
 Heap Initial Capacity: 100M
 Heap Max Capacity: 2G
 Pre-touch: Disabled
 Parallel Workers: 4
Heap:
 PSYoungGen      total 2560K, used 1264K [0x00000000d5580000, 0x00000000d5980000, 0x0000000100000000)
  eden space 2048K, 48% used [0x00000000d5580000,0x00000000d5678b60,0x00000000d5780000)
  from space 512K, 52% used [0x00000000d5880000,0x00000000d58c3850,0x00000000d5900000)
  to   space 512K, 0% used [0x00000000d5900000,0x00000000d5900000,0x00000000d5980000)
 ParOldGen       total 775168K, used 775124K [0x0000000080000000, 0x00000000af500000, 0x00000000d5580000)
  object space 775168K, 99% used [0x0000000080000000,0x00000000af4f51c8,0x00000000af500000)
 Metaspace       used 89510K, committed 91392K, reserved 1179648K
  class space    used 9374K, committed 10176K, reserved 1048576K
GC Heap History (20 events):
Event: 21443.165 GC heap before
{Heap before GC invocations=1190 (full 4):
 PSYoungGen      total 3584K, used 2130K [0x00000000d5580000, 0x00000000d5a00000, 0x0000000100000000)
  eden space 2048K, 99% used [0x00000000d5580000,0x00000000d577cb80,0x00000000d5780000)
  from space 1536K, 6% used [0x00000000d5780000,0x00000000d5798000,0x00000000d5900000)
  to   space 512K, 0% used [0x00000000d5980000,0x00000000d5980000,0x00000000d5a00000)
 ParOldGen       total 772608K, used 772185K [0x0000000080000000, 0x00000000af280000, 0x00000000d5580000)
  object space 772608K, 99% used [0x0000000080000000,0x00000000af216468,0x00000000af280000)
 Metaspace       used 89495K, committed 91328K, reserved 1179648K
  class space    used 9373K, committed 10176K, reserved 1048576K
}
Event: 21443.169 GC heap after
{Heap after GC invocations=1190 (full 4):
 PSYoungGen      total 2560K, used 64K [0x00000000d5580000, 0x00000000d5a00000, 0x0000000100000000)
  eden space 2048K, 0% used [0x00000000d5580000,0x00000000d5580000,0x00000000d5780000)
  from space 512K, 12% used [0x00000000d5980000,0x00000000d5990000,0x00000000d5a00000)
  to   space 512K, 0% used [0x00000000d5900000,0x00000000d5900000,0x00000000d5980000)
 ParOldGen       total 772608K, used 772201K [0x0000000080000000, 0x00000000af280000, 0x00000000d5580000)
  object space 772608K, 99% used [0x0000000080000000,0x00000000af21a468,0x00000000af280000)
 Metaspace       used 89495K, committed 91328K, reserved 1179648K
  class space    used 9373K, committed 10176K, reserved 1048576K
}
Event: 21443.184 GC heap before
{Heap before GC invocations=1191 (full 4):
 PSYoungGen      total 2560K, used 2112K [0x00000000d5580000, 0x00000000d5a00000, 0x0000000100000000)
  eden space 2048K, 100% used [0x00000000d5580000,0x00000000d5780000,0x00000000d5780000)
  from space 512K, 12% used [0x00000000d5980000,0x00000000d5990000,0x00000000d5a00000)
  to   space 512K, 0% used [0x00000000d5900000,0x00000000d5900000,0x00000000d5980000)
 ParOldGen       total 772608K, used 772201K [0x0000000080000000, 0x00000000af280000, 0x00000000d5580000)
  object space 772608K, 99% used [0x0000000080000000,0x00000000af21a468,0x00000000af280000)
 Metaspace       used 89495K, committed 91328K, reserved 1179648K
  class space    used 9373K, committed 10176K, reserved 1048576K
}
Event: 21443.187 GC heap after
{Heap after GC invocations=1191 (full 4):
 PSYoungGen      total 2560K, used 318K [0x00000000d5580000, 0x00000000d5a00000, 0x0000000100000000)
  eden space 2048K, 0% used [0x00000000d5580000,0x00000000d5580000,0x00000000d5780000)
  from space 512K, 62% used [0x00000000d5900000,0x00000000d594fbf0,0x00000000d5980000)
  to   space 512K, 0% used [0x00000000d5980000,0x00000000d5980000,0x00000000d5a00000)
 ParOldGen       total 772608K, used 772217K [0x0000000080000000, 0x00000000af280000, 0x00000000d5580000)
  object space 772608K, 99% used [0x0000000080000000,0x00000000af21e468,0x00000000af280000)
 Metaspace       used 89495K, committed 91328K, reserved 1179648K
  class space    used 9373K, committed 10176K, reserved 1048576K
}
Event: 21443.202 GC heap before
{Heap before GC invocations=1192 (full 4):
 PSYoungGen      total 2560K, used 2366K [0x00000000d5580000, 0x00000000d5a00000, 0x0000000100000000)
  eden space 2048K, 100% used [0x00000000d5580000,0x00000000d5780000,0x00000000d5780000)
  from space 512K, 62% used [0x00000000d5900000,0x00000000d594fbf0,0x00000000d5980000)
  to   space 512K, 0% used [0x00000000d5980000,0x00000000d5980000,0x00000000d5a00000)
 ParOldGen       total 772608K, used 772217K [0x0000000080000000, 0x00000000af280000, 0x00000000d5580000)
  object space 772608K, 99% used [0x0000000080000000,0x00000000af21e468,0x00000000af280000)
 Metaspace       used 89495K, committed 91328K, reserved 1179648K
  class space    used 9373K, committed 10176K, reserved 1048576K
}
Event: 21443.205 GC heap after
{Heap after GC invocations=1192 (full 4):
 PSYoungGen      total 2560K, used 481K [0x00000000d5580000, 0x00000000d5a80000, 0x0000000100000000)
  eden space 2048K, 0% used [0x00000000d5580000,0x00000000d5580000,0x00000000d5780000)
  from space 512K, 93% used [0x00000000d5980000,0x00000000d59f8480,0x00000000d5a00000)
  to   space 1536K, 0% used [0x00000000d5780000,0x00000000d5780000,0x00000000d5900000)
 ParOldGen       total 773632K, used 772949K [0x0000000080000000, 0x00000000af380000, 0x00000000d5580000)
  object space 773632K, 99% used [0x0000000080000000,0x00000000af2d5698,0x00000000af380000)
 Metaspace       used 89495K, committed 91328K, reserved 1179648K
  class space    used 9373K, committed 10176K, reserved 1048576K
}
Event: 21443.210 GC heap before
{Heap before GC invocations=1193 (full 4):
 PSYoungGen      total 2560K, used 2529K [0x00000000d5580000, 0x00000000d5a80000, 0x0000000100000000)
  eden space 2048K, 100% used [0x00000000d5580000,0x00000000d5780000,0x00000000d5780000)
  from space 512K, 93% used [0x00000000d5980000,0x00000000d59f8480,0x00000000d5a00000)
  to   space 1536K, 0% used [0x00000000d5780000,0x00000000d5780000,0x00000000d5900000)
 ParOldGen       total 773632K, used 772949K [0x0000000080000000, 0x00000000af380000, 0x00000000d5580000)
  object space 773632K, 99% used [0x0000000080000000,0x00000000af2d5698,0x00000000af380000)
 Metaspace       used 89495K, committed 91328K, reserved 1179648K
  class space    used 9373K, committed 10176K, reserved 1048576K
}
Event: 21443.212 GC heap after
{Heap after GC invocations=1193 (full 4):
 PSYoungGen      total 3584K, used 1312K [0x00000000d5580000, 0x00000000d5a80000, 0x0000000100000000)
  eden space 2048K, 0% used [0x00000000d5580000,0x00000000d5580000,0x00000000d5780000)
  from space 1536K, 85% used [0x00000000d5780000,0x00000000d58c8010,0x00000000d5900000)
  to   space 1536K, 0% used [0x00000000d5900000,0x00000000d5900000,0x00000000d5a80000)
 ParOldGen       total 773632K, used 773412K [0x0000000080000000, 0x00000000af380000, 0x00000000d5580000)
  object space 773632K, 99% used [0x0000000080000000,0x00000000af3491b8,0x00000000af380000)
 Metaspace       used 89495K, committed 91328K, reserved 1179648K
  class space    used 9373K, committed 10176K, reserved 1048576K
}
Event: 21443.217 GC heap before
{Heap before GC invocations=1194 (full 4):
 PSYoungGen      total 3584K, used 2632K [0x00000000d5580000, 0x00000000d5a80000, 0x0000000100000000)
  eden space 2048K, 64% used [0x00000000d5580000,0x00000000d56ca220,0x00000000d5780000)
  from space 1536K, 85% used [0x00000000d5780000,0x00000000d58c8010,0x00000000d5900000)
  to   space 1536K, 0% used [0x00000000d5900000,0x00000000d5900000,0x00000000d5a80000)
 ParOldGen       total 773632K, used 773412K [0x0000000080000000, 0x00000000af380000, 0x00000000d5580000)
  object space 773632K, 99% used [0x0000000080000000,0x00000000af3491b8,0x00000000af380000)
 Metaspace       used 89495K, committed 91328K, reserved 1179648K
  class space    used 9373K, committed 10176K, reserved 1048576K
}
Event: 21443.221 GC heap after
{Heap after GC invocations=1194 (full 4):
 PSYoungGen      total 3584K, used 1120K [0x00000000d5580000, 0x00000000d5b00000, 0x0000000100000000)
  eden space 2048K, 0% used [0x00000000d5580000,0x00000000d5580000,0x00000000d5780000)
  from space 1536K, 72% used [0x00000000d5900000,0x00000000d5a182c0,0x00000000d5a80000)
  to   space 1536K, 0% used [0x00000000d5780000,0x00000000d5780000,0x00000000d5900000)
 ParOldGen       total 774656K, used 774652K [0x0000000080000000, 0x00000000af480000, 0x00000000d5580000)
  object space 774656K, 99% used [0x0000000080000000,0x00000000af47f1c8,0x00000000af480000)
 Metaspace       used 89495K, committed 91328K, reserved 1179648K
  class space    used 9373K, committed 10176K, reserved 1048576K
}
Event: 21443.235 GC heap before
{Heap before GC invocations=1195 (full 4):
 PSYoungGen      total 3584K, used 3079K [0x00000000d5580000, 0x00000000d5b00000, 0x0000000100000000)
  eden space 2048K, 95% used [0x00000000d5580000,0x00000000d5769ce8,0x00000000d5780000)
  from space 1536K, 72% used [0x00000000d5900000,0x00000000d5a182c0,0x00000000d5a80000)
  to   space 1536K, 0% used [0x00000000d5780000,0x00000000d5780000,0x00000000d5900000)
 ParOldGen       total 774656K, used 774652K [0x0000000080000000, 0x00000000af480000, 0x00000000d5580000)
  object space 774656K, 99% used [0x0000000080000000,0x00000000af47f1c8,0x00000000af480000)
 Metaspace       used 89495K, committed 91328K, reserved 1179648K
  class space    used 9373K, committed 10176K, reserved 1048576K
}
Event: 21443.237 GC heap after
{Heap after GC invocations=1195 (full 4):
 PSYoungGen      total 3584K, used 64K [0x00000000d5580000, 0x00000000d5980000, 0x0000000100000000)
  eden space 2048K, 0% used [0x00000000d5580000,0x00000000d5580000,0x00000000d5780000)
  from space 1536K, 4% used [0x00000000d5780000,0x00000000d5790000,0x00000000d5900000)
  to   space 512K, 0% used [0x00000000d5900000,0x00000000d5900000,0x00000000d5980000)
 ParOldGen       total 775168K, used 774996K [0x0000000080000000, 0x00000000af500000, 0x00000000d5580000)
  object space 775168K, 99% used [0x0000000080000000,0x00000000af4d51c8,0x00000000af500000)
 Metaspace       used 89495K, committed 91328K, reserved 1179648K
  class space    used 9373K, committed 10176K, reserved 1048576K
}
Event: 21443.252 GC heap before
{Heap before GC invocations=1196 (full 4):
 PSYoungGen      total 3584K, used 2112K [0x00000000d5580000, 0x00000000d5980000, 0x0000000100000000)
  eden space 2048K, 100% used [0x00000000d5580000,0x00000000d5780000,0x00000000d5780000)
  from space 1536K, 4% used [0x00000000d5780000,0x00000000d5790000,0x00000000d5900000)
  to   space 512K, 0% used [0x00000000d5900000,0x00000000d5900000,0x00000000d5980000)
 ParOldGen       total 775168K, used 774996K [0x0000000080000000, 0x00000000af500000, 0x00000000d5580000)
  object space 775168K, 99% used [0x0000000080000000,0x00000000af4d51c8,0x00000000af500000)
 Metaspace       used 89495K, committed 91328K, reserved 1179648K
  class space    used 9373K, committed 10176K, reserved 1048576K
}
Event: 21443.254 GC heap after
{Heap after GC invocations=1196 (full 4):
 PSYoungGen      total 2560K, used 232K [0x00000000d5580000, 0x00000000d5980000, 0x0000000100000000)
  eden space 2048K, 0% used [0x00000000d5580000,0x00000000d5580000,0x00000000d5780000)
  from space 512K, 45% used [0x00000000d5900000,0x00000000d593a368,0x00000000d5980000)
  to   space 512K, 0% used [0x00000000d5880000,0x00000000d5880000,0x00000000d5900000)
 ParOldGen       total 775168K, used 775020K [0x0000000080000000, 0x00000000af500000, 0x00000000d5580000)
  object space 775168K, 99% used [0x0000000080000000,0x00000000af4db1c8,0x00000000af500000)
 Metaspace       used 89495K, committed 91328K, reserved 1179648K
  class space    used 9373K, committed 10176K, reserved 1048576K
}
Event: 21443.557 GC heap before
{Heap before GC invocations=1197 (full 4):
 PSYoungGen      total 2560K, used 2280K [0x00000000d5580000, 0x00000000d5980000, 0x0000000100000000)
  eden space 2048K, 100% used [0x00000000d5580000,0x00000000d5780000,0x00000000d5780000)
  from space 512K, 45% used [0x00000000d5900000,0x00000000d593a368,0x00000000d5980000)
  to   space 512K, 0% used [0x00000000d5880000,0x00000000d5880000,0x00000000d5900000)
 ParOldGen       total 775168K, used 775020K [0x0000000080000000, 0x00000000af500000, 0x00000000d5580000)
  object space 775168K, 99% used [0x0000000080000000,0x00000000af4db1c8,0x00000000af500000)
 Metaspace       used 89495K, committed 91328K, reserved 1179648K
  class space    used 9373K, committed 10176K, reserved 1048576K
}
Event: 21443.559 GC heap after
{Heap after GC invocations=1197 (full 4):
 PSYoungGen      total 2560K, used 128K [0x00000000d5580000, 0x00000000d5980000, 0x0000000100000000)
  eden space 2048K, 0% used [0x00000000d5580000,0x00000000d5580000,0x00000000d5780000)
  from space 512K, 25% used [0x00000000d5880000,0x00000000d58a0000,0x00000000d5900000)
  to   space 512K, 0% used [0x00000000d5900000,0x00000000d5900000,0x00000000d5980000)
 ParOldGen       total 775168K, used 775044K [0x0000000080000000, 0x00000000af500000, 0x00000000d5580000)
  object space 775168K, 99% used [0x0000000080000000,0x00000000af4e11c8,0x00000000af500000)
 Metaspace       used 89495K, committed 91328K, reserved 1179648K
  class space    used 9373K, committed 10176K, reserved 1048576K
}
Event: 21443.737 GC heap before
{Heap before GC invocations=1198 (full 4):
 PSYoungGen      total 2560K, used 2176K [0x00000000d5580000, 0x00000000d5980000, 0x0000000100000000)
  eden space 2048K, 100% used [0x00000000d5580000,0x00000000d5780000,0x00000000d5780000)
  from space 512K, 25% used [0x00000000d5880000,0x00000000d58a0000,0x00000000d5900000)
  to   space 512K, 0% used [0x00000000d5900000,0x00000000d5900000,0x00000000d5980000)
 ParOldGen       total 775168K, used 775044K [0x0000000080000000, 0x00000000af500000, 0x00000000d5580000)
  object space 775168K, 99% used [0x0000000080000000,0x00000000af4e11c8,0x00000000af500000)
 Metaspace       used 89495K, committed 91328K, reserved 1179648K
  class space    used 9373K, committed 10176K, reserved 1048576K
}
Event: 21443.739 GC heap after
{Heap after GC invocations=1198 (full 4):
 PSYoungGen      total 2560K, used 96K [0x00000000d5580000, 0x00000000d5980000, 0x0000000100000000)
  eden space 2048K, 0% used [0x00000000d5580000,0x00000000d5580000,0x00000000d5780000)
  from space 512K, 18% used [0x00000000d5900000,0x00000000d5918000,0x00000000d5980000)
  to   space 512K, 0% used [0x00000000d5880000,0x00000000d5880000,0x00000000d5900000)
 ParOldGen       total 775168K, used 775060K [0x0000000080000000, 0x00000000af500000, 0x00000000d5580000)
  object space 775168K, 99% used [0x0000000080000000,0x00000000af4e51c8,0x00000000af500000)
 Metaspace       used 89495K, committed 91328K, reserved 1179648K
  class space    used 9373K, committed 10176K, reserved 1048576K
}
Event: 21608.156 GC heap before
{Heap before GC invocations=1199 (full 4):
 PSYoungGen      total 2560K, used 2144K [0x00000000d5580000, 0x00000000d5980000, 0x0000000100000000)
  eden space 2048K, 100% used [0x00000000d5580000,0x00000000d5780000,0x00000000d5780000)
  from space 512K, 18% used [0x00000000d5900000,0x00000000d5918000,0x00000000d5980000)
  to   space 512K, 0% used [0x00000000d5880000,0x00000000d5880000,0x00000000d5900000)
 ParOldGen       total 775168K, used 775060K [0x0000000080000000, 0x00000000af500000, 0x00000000d5580000)
  object space 775168K, 99% used [0x0000000080000000,0x00000000af4e51c8,0x00000000af500000)
 Metaspace       used 89505K, committed 91392K, reserved 1179648K
  class space    used 9373K, committed 10176K, reserved 1048576K
}
Event: 21608.410 GC heap after
{Heap after GC invocations=1199 (full 4):
 PSYoungGen      total 2560K, used 270K [0x00000000d5580000, 0x00000000d5980000, 0x0000000100000000)
  eden space 2048K, 0% used [0x00000000d5580000,0x00000000d5580000,0x00000000d5780000)
  from space 512K, 52% used [0x00000000d5880000,0x00000000d58c3850,0x00000000d5900000)
  to   space 512K, 0% used [0x00000000d5900000,0x00000000d5900000,0x00000000d5980000)
 ParOldGen       total 775168K, used 775124K [0x0000000080000000, 0x00000000af500000, 0x00000000d5580000)
  object space 775168K, 99% used [0x0000000080000000,0x00000000af4f51c8,0x00000000af500000)
 Metaspace       used 89505K, committed 91392K, reserved 1179648K
  class space    used 9373K, committed 10176K, reserved 1048576K
}

